app/build/outputs/logs/manifest-merger-debug-report.txt
-- Merging decision tree log ---
manifest
ADDED from src\main\AndroidManifest.xml:2:1-39:12
INJECTED from src\main\AndroidManifest.xml:2:1-39:12
INJECTED from src\main\AndroidManifest.xml:2:1-39:12
INJECTED from src\main\AndroidManifest.xml:2:1-39:12
INJECTED from src\main\AndroidManifest.xml:2:1-39:12
INJECTED from src\main\AndroidManifest.xml:2:1-39:12
INJECTED from src\main\AndroidManifest.xml:2:1-39:12
	package
		ADDED from src\main\AndroidManifest.xml:5:7-44
		INJECTED from src\main\AndroidManifest.xml
		INJECTED from src\main\AndroidManifest.xml
	android:versionName
		ADDED from src\main\AndroidManifest.xml:4:7-33
		INJECTED from src\main\AndroidManifest.xml
		INJECTED from src\main\AndroidManifest.xml
	xmlns:android
		ADDED from src\main\AndroidManifest.xml:2:11-69
	android:versionCode
		ADDED from src\main\AndroidManifest.xml:3:7-30
		INJECTED from src\main\AndroidManifest.xml
		INJECTED from src\main\AndroidManifest.xml
uses-permission#android.permission.WRITE_EXTERNAL_STORAGE
ADDED from src\main\AndroidManifest.xml:6:5-97
	android:name
		ADDED from src\main\AndroidManifest.xml:6:22-78
application
ADDED from src\main\AndroidManifest.xml:7:5-38:19
	android:label
		ADDED from src\main\AndroidManifest.xml:8:11-43
	android:icon
		ADDED from src\main\AndroidManifest.xml:7:18-47
activity#uk.ac.ed.inf.mandelbrotmaps.LauncherActivity
ADDED from src\main\AndroidManifest.xml:9:9-12:52
	android:screenOrientation
		ADDED from src\main\AndroidManifest.xml:11:15-52
	android:label
		ADDED from src\main\AndroidManifest.xml:10:15-47
	android:configChanges
		ADDED from src\main\AndroidManifest.xml:12:15-50
	android:name
		ADDED from src\main\AndroidManifest.xml:9:19-51
activity#uk.ac.ed.inf.mandelbrotmaps.DetailControl
ADDED from src\main\AndroidManifest.xml:14:9-18:52
	android:screenOrientation
		ADDED from src\main\AndroidManifest.xml:17:15-52
	android:label
		ADDED from src\main\AndroidManifest.xml:15:15-51
	android:configChanges
		ADDED from src\main\AndroidManifest.xml:18:15-50
	android:theme
		ADDED from src\main\AndroidManifest.xml:16:15-58
	android:name
		ADDED from src\main\AndroidManifest.xml:14:19-48
activity#uk.ac.ed.inf.mandelbrotmaps.Prefs
ADDED from src\main\AndroidManifest.xml:20:9-22:17
	android:label
		ADDED from src\main\AndroidManifest.xml:21:15-53
	android:name
		ADDED from src\main\AndroidManifest.xml:20:19-40
activity#uk.ac.ed.inf.mandelbrotmaps.FractalActivity
ADDED from src\main\AndroidManifest.xml:24:9-32:20
	android:screenOrientation
		ADDED from src\main\AndroidManifest.xml:26:15-52
	android:label
		ADDED from src\main\AndroidManifest.xml:25:15-46
	android:configChanges
		ADDED from src\main\AndroidManifest.xml:27:15-50
	android:name
		ADDED from src\main\AndroidManifest.xml:24:19-50
intent-filter#action:name:android.intent.action.MAIN+category:name:android.intent.category.LAUNCHER
ADDED from src\main\AndroidManifest.xml:28:15-31:29
action#android.intent.action.MAIN
ADDED from src\main\AndroidManifest.xml:29:17-69
	android:name
		ADDED from src\main\AndroidManifest.xml:29:25-66
category#android.intent.category.LAUNCHER
ADDED from src\main\AndroidManifest.xml:30:17-77
	android:name
		ADDED from src\main\AndroidManifest.xml:30:27-74
activity#uk.ac.ed.inf.mandelbrotmaps.ChoosePeriod
ADDED from src\main\AndroidManifest.xml:33:9-37:11
	android:label
		ADDED from src\main\AndroidManifest.xml:36:13-41
	android:theme
		ADDED from src\main\AndroidManifest.xml:35:13-61
	android:name
		ADDED from src\main\AndroidManifest.xml:34:13-41
uses-sdk
INJECTED from src\main\AndroidManifest.xml reason: use-sdk injection requested
INJECTED from src\main\AndroidManifest.xml
INJECTED from src\main\AndroidManifest.xml
INJECTED from src\main\AndroidManifest.xml
INJECTED from src\main\AndroidManifest.xml
	android:targetSdkVersion
		INJECTED from src\main\AndroidManifest.xml
		ADDED from src\main\AndroidManifest.xml
		INJECTED from src\main\AndroidManifest.xml
	android:minSdkVersion
		INJECTED from src\main\AndroidManifest.xml
		ADDED from src\main\AndroidManifest.xml
		INJECTED from src\main\AndroidManifest.xml